<?xml version="1.0" encoding="UTF-8"?>
<robot generator="Robot 5.0.1 (Python 3.10.4 on win32)" generated="20220526 07:17:36.295" rpa="false" schemaversion="3">
<suite id="s1" name="Test-Case" source="C:\Users\4024962\OneDrive - Lojas Riachuelo S.A\Estudo\axe_library\test-case">
<suite id="s1-s1" name="Avaliar Tela Home" source="C:\Users\4024962\OneDrive - Lojas Riachuelo S.A\Estudo\axe_library\test-case\avaliar_tela_home.robot">
<kw name="Abrir navegador" library="resource" type="SETUP">
<kw name="Open Browser" library="SeleniumLibrary">
<arg>url:blank</arg>
<arg>chrome</arg>
<doc>Opens a new browser instance to the optional ``url``.</doc>
<msg timestamp="20220526 07:17:37.089" level="INFO">Opening browser 'chrome' to base url 'url:blank'.</msg>
<status status="PASS" starttime="20220526 07:17:37.088" endtime="20220526 07:17:40.550"/>
</kw>
<status status="PASS" starttime="20220526 07:17:37.088" endtime="20220526 07:17:40.551"/>
</kw>
<test id="s1-s1-t1" name="Cenario 1 - Abrir e validar o site da Riachuelo" line="13">
<kw name="que esteja na pagina home da riachuelo" library="home">
<kw name="Go To" library="SeleniumLibrary">
<arg>https://www.riachuelo.com.br/</arg>
<doc>Navigates the current browser window to the provided ``url``.</doc>
<msg timestamp="20220526 07:17:40.555" level="INFO">Opening url 'https://www.riachuelo.com.br/'</msg>
<status status="PASS" starttime="20220526 07:17:40.553" endtime="20220526 07:17:44.051"/>
</kw>
<kw name="Set Selenium Implicit Wait" library="SeleniumLibrary">
<arg>5</arg>
<doc>Sets the implicit wait value used by Selenium.</doc>
<status status="PASS" starttime="20220526 07:17:44.051" endtime="20220526 07:17:44.055"/>
</kw>
<status status="PASS" starttime="20220526 07:17:40.553" endtime="20220526 07:17:44.055"/>
</kw>
<kw name="avaliar a acessibilidade da pagina" library="resource">
<kw name="Run Accessibility Tests" library="AxeLibrary">
<var>&amp;{results}</var>
<arg>riachuelo.json</arg>
<doc>Executes accessibility tests in current page by injecting axe-core javascript and write results into `result_file` (json). Return result statisitics</doc>
<msg timestamp="20220526 07:17:45.861" level="INFO">{'inapplicable': 26, 'incomplete': 1, 'passes': 38, 'violations': 7}</msg>
<msg timestamp="20220526 07:17:45.861" level="INFO">&amp;{results} = { inapplicable=26 | incomplete=1 | passes=38 | violations=7 }</msg>
<status status="PASS" starttime="20220526 07:17:44.056" endtime="20220526 07:17:45.862"/>
</kw>
<kw name="Log" library="BuiltIn">
<arg>Violations Count: ${results.violations}</arg>
<doc>Logs the given message with the given level.</doc>
<msg timestamp="20220526 07:17:45.863" level="INFO">Violations Count: 7</msg>
<status status="PASS" starttime="20220526 07:17:45.862" endtime="20220526 07:17:45.863"/>
</kw>
<kw name="Set Global Variable" library="BuiltIn">
<arg>&amp;{RESULTS}</arg>
<arg>&amp;{results}</arg>
<doc>Makes a variable available globally in all tests and suites.</doc>
<msg timestamp="20220526 07:17:45.864" level="INFO">&amp;{RESULTS} = { inapplicable=26 | incomplete=1 | passes=38 | violations=7 }</msg>
<status status="PASS" starttime="20220526 07:17:45.863" endtime="20220526 07:17:45.864"/>
</kw>
<kw name="Log Readable Accessibility Result" library="AxeLibrary">
<arg>violations</arg>
<doc>Inserts readable accessibility result into `log.html` based on given `type`. Need to be used after `Run Accessibility Tests` keyword</doc>
<msg timestamp="20220526 07:17:45.865" level="INFO" html="true">
                &lt;style&gt;
                    #demo table, #demo th, #demo td{
                        border: 1px dotted black;
                        border-collapse: collapse;
                        table-layout: auto;
                    }
                &lt;/style&gt;
                &lt;table id="demo" style="width:100%"&gt;
                    &lt;tr&gt;
                        &lt;th style="width:50%"&gt;Issue&lt;/th&gt;
                        &lt;th style="width:5%"&gt;URL&lt;/th&gt;
                        &lt;th style="width:7%"&gt;Impact&lt;/th&gt;
                        &lt;th style="width:10%"&gt;Tags&lt;/th&gt;
                    &lt;/tr&gt;
                    &lt;tr&gt;
                        &lt;td&gt;aria-allowed-role - Ensures role attribute has an appropriate value for the element&lt;/td&gt;
                        &lt;td style="text-align:center"&gt;&lt;a href="https://dequeuniversity.com/rules/axe/3.1/aria-allowed-role?application=axeAPI"&gt;Link&lt;/a&gt;&lt;/td&gt;
                        &lt;td style="text-align:center"&gt;minor&lt;/td&gt;
                        &lt;td style="text-align:center"&gt;cat.aria best-practice&lt;/td&gt;
                    &lt;/tr&gt;
                &lt;/table&gt;
                &lt;table id="demodesc" style="width:100%"&gt;
                    &lt;tr&gt;
                        &lt;th style="text-align:left"&gt;Element Affected&lt;/th&gt;
                    &lt;/tr&gt;
                    &lt;tr&gt;
                        &lt;td&gt;1) Target: .jss70
		role link  is not allowed for given element
	2) Target: .jss71
		role link  is not allowed for given element
	3) Target: .jss72
		role link  is not allowed for given element
	4) Target: .jss73
		role link  is not allowed for given element
	5) Target: .jss74
		role link  is not allowed for given element
	6) Target: .jss75
		role link  is not allowed for given element
	7) Target: .jss76
		role link  is not allowed for given element
	8) Target: .jss77
		role link  is not allowed for given element
	9) Target: .jss78
		role link  is not allowed for given element
	10) Target: .jss79
		role link  is not allowed for given element
	11) Target: .jss80
		role link  is not allowed for given element
	12) Target: .jss81
		role link  is not allowed for given element
	13) Target: .owl-prev
		role presentation  is not allowed for given element
	14) Target: .owl-next
		role presentation  is not allowed for given element
	15) Target: .MuiList-root
		role navigation  is not allowed for given element
	16) Target: .jss177[href$="novidades"][role="link"]
		role link  is not allowed for given element
	17) Target: .jss177[href$="geek"][role="link"]
		role link  is not allowed for given element
	18) Target: .jss177[href$="outlet"][role="link"]
		role link  is not allowed for given element&lt;/td&gt;
                    &lt;/tr&gt;
                &lt;/table&gt;
                </msg>
<msg timestamp="20220526 07:17:45.865" level="INFO" html="true">
                &lt;style&gt;
                    #demo table, #demo th, #demo td{
                        border: 1px dotted black;
                        border-collapse: collapse;
                        table-layout: auto;
                    }
                &lt;/style&gt;
                &lt;table id="demo" style="width:100%"&gt;
                    &lt;tr&gt;
                        &lt;th style="width:50%"&gt;Issue&lt;/th&gt;
                        &lt;th style="width:5%"&gt;URL&lt;/th&gt;
                        &lt;th style="width:7%"&gt;Impact&lt;/th&gt;
                        &lt;th style="width:10%"&gt;Tags&lt;/th&gt;
                    &lt;/tr&gt;
                    &lt;tr&gt;
                        &lt;td&gt;aria-valid-attr-value - Ensures all ARIA attributes have valid values&lt;/td&gt;
                        &lt;td style="text-align:center"&gt;&lt;a href="https://dequeuniversity.com/rules/axe/3.1/aria-valid-attr-value?application=axeAPI"&gt;Link&lt;/a&gt;&lt;/td&gt;
                        &lt;td style="text-align:center"&gt;critical&lt;/td&gt;
                        &lt;td style="text-align:center"&gt;cat.aria wcag2a wcag412&lt;/td&gt;
                    &lt;/tr&gt;
                &lt;/table&gt;
                &lt;table id="demodesc" style="width:100%"&gt;
                    &lt;tr&gt;
                        &lt;th style="text-align:left"&gt;Element Affected&lt;/th&gt;
                    &lt;/tr&gt;
                    &lt;tr&gt;
                        &lt;td&gt;1) Target: .genos--c-hwsXVO
		Invalid ARIA attribute value: aria-controls="radix-0"
	2) Target: .jss146 &gt; ul &gt; .MuiGrid-grid-lg-auto.MuiGrid-grid-xs-true.MuiGrid-item:nth-child(1) &gt; figure &gt; .jss148[rel="noopener\ noreferer"][target="_blank"]
		Invalid ARIA attribute value: aria-labelledby="O aplicativo da Riachuelo está disponível no Google Play"
	3) Target: .jss146 &gt; ul &gt; .MuiGrid-grid-lg-auto.MuiGrid-grid-xs-true.MuiGrid-item:nth-child(2) &gt; figure &gt; .jss148[rel="noopener\ noreferer"][target="_blank"]
		Invalid ARIA attribute value: aria-labelledby="O aplicativo da Riachuelo está disponível no Apple Store"
	4) Target: div[aria-controls="Cartão\ Riachuelo"]
		Invalid ARIA attribute value: aria-controls="Cartão Riachuelo"
	5) Target: div[aria-controls="Sobre\ a\ Riachuelo"]
		Invalid ARIA attribute value: aria-controls="Sobre a Riachuelo"
	6) Target: div[aria-controls="Sustentabilidade"]
		Invalid ARIA attribute value: aria-controls="Sustentabilidade"
	7) Target: div[aria-controls="Ajuda"]
		Invalid ARIA attribute value: aria-controls="Ajuda"
	8) Target: div[aria-controls="Formas\ de\ Pagamento"]
		Invalid ARIA attribute value: aria-controls="Formas de Pagamento"
	9) Target: div[aria-controls="Outros\ Serviços"]
		Invalid ARIA attribute value: aria-controls="Outros Serviços"
	10) Target: a[aria-labelledby="Facebook\ da\ Riachuelo"]
		Invalid ARIA attribute value: aria-labelledby="Facebook da Riachuelo"
	11) Target: a[aria-labelledby="RCHLO"]
		Invalid ARIA attribute value: aria-labelledby="RCHLO"
	12) Target: a[aria-labelledby="Casa\a RCHLO"]
		Invalid ARIA attribute value: aria-labelledby="Casa
RCHLO"
	13) Target: a[aria-labelledby="Pinterest\ da\ Riachuelo"]
		Invalid ARIA attribute value: aria-labelledby="Pinterest da Riachuelo"
	14) Target: .MuiGrid-grid-lg-auto.MuiGrid-grid-xs-true.MuiGrid-item:nth-child(5) &gt; figure &gt; a[href$="riachuelo"]
		Invalid ARIA attribute value: aria-labelledby="Twitter da Riachuelo"
	15) Target: a[aria-labelledby="Canal\ da\ Riachuelo\ no\ YouTube"]
		Invalid ARIA attribute value: aria-labelledby="Canal da Riachuelo no YouTube"
	16) Target: a[aria-labelledby="LinkedIn\ da\ Riachuelo"]
		Invalid ARIA attribute value: aria-labelledby="LinkedIn da Riachuelo"
	17) Target: .MuiGrid-grid-lg-auto.MuiGrid-grid-xs-12.MuiGrid-item:nth-child(1) &gt; figure &gt; .jss148[rel="noopener\ noreferer"][target="_blank"]
		Invalid ARIA attribute value: aria-labelledby="Conheça a Acessibilidade Riachuelo"
	18) Target: a[aria-labelledby="Selo\ RA1000"]
		Invalid ARIA attribute value: aria-labelledby="Selo RA1000"&lt;/td&gt;
                    &lt;/tr&gt;
                &lt;/table&gt;
                </msg>
<msg timestamp="20220526 07:17:45.865" level="INFO" html="true">
                &lt;style&gt;
                    #demo table, #demo th, #demo td{
                        border: 1px dotted black;
                        border-collapse: collapse;
                        table-layout: auto;
                    }
                &lt;/style&gt;
                &lt;table id="demo" style="width:100%"&gt;
                    &lt;tr&gt;
                        &lt;th style="width:50%"&gt;Issue&lt;/th&gt;
                        &lt;th style="width:5%"&gt;URL&lt;/th&gt;
                        &lt;th style="width:7%"&gt;Impact&lt;/th&gt;
                        &lt;th style="width:10%"&gt;Tags&lt;/th&gt;
                    &lt;/tr&gt;
                    &lt;tr&gt;
                        &lt;td&gt;button-name - Ensures buttons have discernible text&lt;/td&gt;
                        &lt;td style="text-align:center"&gt;&lt;a href="https://dequeuniversity.com/rules/axe/3.1/button-name?application=axeAPI"&gt;Link&lt;/a&gt;&lt;/td&gt;
                        &lt;td style="text-align:center"&gt;critical&lt;/td&gt;
                        &lt;td style="text-align:center"&gt;cat.name-role-value wcag2a wcag412 section508 section508.22.a&lt;/td&gt;
                    &lt;/tr&gt;
                &lt;/table&gt;
                &lt;table id="demodesc" style="width:100%"&gt;
                    &lt;tr&gt;
                        &lt;th style="text-align:left"&gt;Element Affected&lt;/th&gt;
                    &lt;/tr&gt;
                    &lt;tr&gt;
                        &lt;td&gt;1) Target: .MuiGrid-grid-lg-auto.MuiGrid-grid-xs-12.MuiGrid-item:nth-child(2) &gt; button[type="button"]
		Element has a value attribute and the value attribute is empty
		Element has no value attribute or the value attribute is empty
		Element does not have inner text that is visible to screen readers
		aria-label attribute does not exist or is empty
		aria-labelledby attribute does not exist, references elements that do not exist or references elements that are empty
		Element's default semantics were not overridden with role="presentation"
		Element's default semantics were not overridden with role="none"
		Element has no title attribute or the title attribute is empty
		Element is in tab order and does not have accessible text&lt;/td&gt;
                    &lt;/tr&gt;
                &lt;/table&gt;
                </msg>
<msg timestamp="20220526 07:17:45.865" level="INFO" html="true">
                &lt;style&gt;
                    #demo table, #demo th, #demo td{
                        border: 1px dotted black;
                        border-collapse: collapse;
                        table-layout: auto;
                    }
                &lt;/style&gt;
                &lt;table id="demo" style="width:100%"&gt;
                    &lt;tr&gt;
                        &lt;th style="width:50%"&gt;Issue&lt;/th&gt;
                        &lt;th style="width:5%"&gt;URL&lt;/th&gt;
                        &lt;th style="width:7%"&gt;Impact&lt;/th&gt;
                        &lt;th style="width:10%"&gt;Tags&lt;/th&gt;
                    &lt;/tr&gt;
                    &lt;tr&gt;
                        &lt;td&gt;color-contrast - Ensures the contrast between foreground and background colors meets WCAG 2 AA contrast ratio thresholds&lt;/td&gt;
                        &lt;td style="text-align:center"&gt;&lt;a href="https://dequeuniversity.com/rules/axe/3.1/color-contrast?application=axeAPI"&gt;Link&lt;/a&gt;&lt;/td&gt;
                        &lt;td style="text-align:center"&gt;serious&lt;/td&gt;
                        &lt;td style="text-align:center"&gt;cat.color wcag2aa wcag143&lt;/td&gt;
                    &lt;/tr&gt;
                &lt;/table&gt;
                &lt;table id="demodesc" style="width:100%"&gt;
                    &lt;tr&gt;
                        &lt;th style="text-align:left"&gt;Element Affected&lt;/th&gt;
                    &lt;/tr&gt;
                    &lt;tr&gt;
                        &lt;td&gt;1) Target: .active &gt; .f-bg-faixa.f-bg-faixa-2 &gt; p
		Element has insufficient color contrast of 3.74 (foreground color: #727272, background color: #e3e3e3, font size: 10.5pt, font weight: normal). Expected contrast ratio of 4.5:1
	2) Target: .active &gt; .f-bg-faixa.f-bg-faixa-2 &gt; p &gt; spam:nth-child(1) &gt; b
		Element has insufficient color contrast of 2.73 (foreground color: #0d9f0b, background color: #e3e3e3, font size: 10.5pt, font weight: bold). Expected contrast ratio of 4.5:1
	3) Target: .active &gt; .f-bg-faixa.f-bg-faixa-2 &gt; p &gt; spam:nth-child(2) &gt; b
		Element has insufficient color contrast of 2.73 (foreground color: #0d9f0b, background color: #e3e3e3, font size: 10.5pt, font weight: bold). Expected contrast ratio of 4.5:1
	4) Target: .active &gt; .f-bg-faixa.f-bg-faixa-2 &gt; p &gt; spam:nth-child(3) &gt; b
		Element has insufficient color contrast of 2.73 (foreground color: #0d9f0b, background color: #e3e3e3, font size: 10.5pt, font weight: bold). Expected contrast ratio of 4.5:1
	5) Target: .active &gt; .f-bg-faixa.f-bg-faixa-2 &gt; p &gt; a
		Element has insufficient color contrast of 3.74 (foreground color: #727272, background color: #e3e3e3, font size: 10.5pt, font weight: normal). Expected contrast ratio of 4.5:1
	6) Target: .cloned.owl-item:nth-child(4) &gt; .f-bg-faixa.f-bg-faixa-2 &gt; p
		Element has insufficient color contrast of 3.74 (foreground color: #727272, background color: #e3e3e3, font size: 10.5pt, font weight: normal). Expected contrast ratio of 4.5:1
	7) Target: .cloned.owl-item:nth-child(4) &gt; .f-bg-faixa.f-bg-faixa-2 &gt; p &gt; spam:nth-child(1) &gt; b
		Element has insufficient color contrast of 2.73 (foreground color: #0d9f0b, background color: #e3e3e3, font size: 10.5pt, font weight: bold). Expected contrast ratio of 4.5:1
	8) Target: .cloned.owl-item:nth-child(4) &gt; .f-bg-faixa.f-bg-faixa-2 &gt; p &gt; spam:nth-child(2) &gt; b
		Element has insufficient color contrast of 2.73 (foreground color: #0d9f0b, background color: #e3e3e3, font size: 10.5pt, font weight: bold). Expected contrast ratio of 4.5:1
	9) Target: .cloned.owl-item:nth-child(4) &gt; .f-bg-faixa.f-bg-faixa-2 &gt; p &gt; spam:nth-child(3) &gt; b
		Element has insufficient color contrast of 2.73 (foreground color: #0d9f0b, background color: #e3e3e3, font size: 10.5pt, font weight: bold). Expected contrast ratio of 4.5:1
	10) Target: .cloned.owl-item:nth-child(4) &gt; .f-bg-faixa.f-bg-faixa-2 &gt; p &gt; a
		Element has insufficient color contrast of 3.74 (foreground color: #727272, background color: #e3e3e3, font size: 10.5pt, font weight: normal). Expected contrast ratio of 4.5:1
	11) Target: .cloned.owl-item:nth-child(5) &gt; .f-bg-faixa.f-bg-faixa-2 &gt; p
		Element has insufficient color contrast of 3.74 (foreground color: #727272, background color: #e3e3e3, font size: 10.5pt, font weight: normal). Expected contrast ratio of 4.5:1
	12) Target: .cloned.owl-item:nth-child(5) &gt; .f-bg-faixa.f-bg-faixa-2 &gt; p &gt; spam:nth-child(1) &gt; b
		Element has insufficient color contrast of 2.73 (foreground color: #0d9f0b, background color: #e3e3e3, font size: 10.5pt, font weight: bold). Expected contrast ratio of 4.5:1
	13) Target: .cloned.owl-item:nth-child(5) &gt; .f-bg-faixa.f-bg-faixa-2 &gt; p &gt; spam:nth-child(2) &gt; b
		Element has insufficient color contrast of 2.73 (foreground color: #0d9f0b, background color: #e3e3e3, font size: 10.5pt, font weight: bold). Expected contrast ratio of 4.5:1
	14) Target: .cloned.owl-item:nth-child(5) &gt; .f-bg-faixa.f-bg-faixa-2 &gt; p &gt; spam:nth-child(3) &gt; b
		Element has insufficient color contrast of 2.73 (foreground color: #0d9f0b, background color: #e3e3e3, font size: 10.5pt, font weight: bold). Expected contrast ratio of 4.5:1
	15) Target: .cloned.owl-item:nth-child(5) &gt; .f-bg-faixa.f-bg-faixa-2 &gt; p &gt; a
		Element has insufficient color contrast of 3.74 (foreground color: #727272, background color: #e3e3e3, font size: 10.5pt, font weight: normal). Expected contrast ratio of 4.5:1
	16) Target: .destaque-verde:nth-child(2)
		Element has insufficient color contrast of 2.99 (foreground color: #209630, background color: #e3e3e3, font size: 9.0pt, font weight: bold). Expected contrast ratio of 4.5:1
	17) Target: .destaque-verde:nth-child(3)
		Element has insufficient color contrast of 2.99 (foreground color: #209630, background color: #e3e3e3, font size: 9.0pt, font weight: bold). Expected contrast ratio of 4.5:1
	18) Target: .cartao-rchlo &gt; p &gt; .destaque-verde
		Element has insufficient color contrast of 2.99 (foreground color: #209630, background color: #e3e3e3, font size: 9.0pt, font weight: bold). Expected contrast ratio of 4.5:1
	19) Target: a[title="Ir\ para\ Promoção"] &gt; spam &gt; b
		Element has insufficient color contrast of 2.73 (foreground color: #0d9f0b, background color: #e3e3e3, font size: 9.0pt, font weight: bold). Expected contrast ratio of 4.5:1
	20) Target: .troca-gratis &gt; p &gt; spam &gt; b
		Element has insufficient color contrast of 2.73 (foreground color: #0d9f0b, background color: #e3e3e3, font size: 9.0pt, font weight: bold). Expected contrast ratio of 4.5:1
	21) Target: a[title="Abrir\ whatsapp"] &gt; spam &gt; b
		Element has insufficient color contrast of 2.73 (foreground color: #0d9f0b, background color: #e3e3e3, font size: 9.0pt, font weight: bold). Expected contrast ratio of 4.5:1&lt;/td&gt;
                    &lt;/tr&gt;
                &lt;/table&gt;
                </msg>
<msg timestamp="20220526 07:17:45.866" level="INFO" html="true">
                &lt;style&gt;
                    #demo table, #demo th, #demo td{
                        border: 1px dotted black;
                        border-collapse: collapse;
                        table-layout: auto;
                    }
                &lt;/style&gt;
                &lt;table id="demo" style="width:100%"&gt;
                    &lt;tr&gt;
                        &lt;th style="width:50%"&gt;Issue&lt;/th&gt;
                        &lt;th style="width:5%"&gt;URL&lt;/th&gt;
                        &lt;th style="width:7%"&gt;Impact&lt;/th&gt;
                        &lt;th style="width:10%"&gt;Tags&lt;/th&gt;
                    &lt;/tr&gt;
                    &lt;tr&gt;
                        &lt;td&gt;duplicate-id - Ensures every id attribute value is unique&lt;/td&gt;
                        &lt;td style="text-align:center"&gt;&lt;a href="https://dequeuniversity.com/rules/axe/3.1/duplicate-id?application=axeAPI"&gt;Link&lt;/a&gt;&lt;/td&gt;
                        &lt;td style="text-align:center"&gt;minor&lt;/td&gt;
                        &lt;td style="text-align:center"&gt;cat.parsing wcag2a wcag411&lt;/td&gt;
                    &lt;/tr&gt;
                &lt;/table&gt;
                &lt;table id="demodesc" style="width:100%"&gt;
                    &lt;tr&gt;
                        &lt;th style="text-align:left"&gt;Element Affected&lt;/th&gt;
                    &lt;/tr&gt;
                    &lt;tr&gt;
                        &lt;td&gt;1) Target: .cloned.owl-item:nth-child(1) &gt; .f-bg-faixa.f-bg-faixa-2 &gt; p &gt; spam:nth-child(1)
		Document has multiple static elements with the same id attribute&lt;/td&gt;
                    &lt;/tr&gt;
                &lt;/table&gt;
                </msg>
<msg timestamp="20220526 07:17:45.866" level="INFO" html="true">
                &lt;style&gt;
                    #demo table, #demo th, #demo td{
                        border: 1px dotted black;
                        border-collapse: collapse;
                        table-layout: auto;
                    }
                &lt;/style&gt;
                &lt;table id="demo" style="width:100%"&gt;
                    &lt;tr&gt;
                        &lt;th style="width:50%"&gt;Issue&lt;/th&gt;
                        &lt;th style="width:5%"&gt;URL&lt;/th&gt;
                        &lt;th style="width:7%"&gt;Impact&lt;/th&gt;
                        &lt;th style="width:10%"&gt;Tags&lt;/th&gt;
                    &lt;/tr&gt;
                    &lt;tr&gt;
                        &lt;td&gt;link-name - Ensures links have discernible text&lt;/td&gt;
                        &lt;td style="text-align:center"&gt;&lt;a href="https://dequeuniversity.com/rules/axe/3.1/link-name?application=axeAPI"&gt;Link&lt;/a&gt;&lt;/td&gt;
                        &lt;td style="text-align:center"&gt;serious&lt;/td&gt;
                        &lt;td style="text-align:center"&gt;cat.name-role-value wcag2a wcag412 wcag244 section508 section508.22.a&lt;/td&gt;
                    &lt;/tr&gt;
                &lt;/table&gt;
                &lt;table id="demodesc" style="width:100%"&gt;
                    &lt;tr&gt;
                        &lt;th style="text-align:left"&gt;Element Affected&lt;/th&gt;
                    &lt;/tr&gt;
                    &lt;tr&gt;
                        &lt;td&gt;1) Target: .jss146 &gt; ul &gt; .MuiGrid-grid-lg-auto.MuiGrid-grid-xs-true.MuiGrid-item:nth-child(1) &gt; figure &gt; .jss148[rel="noopener\ noreferer"][target="_blank"]
		Element does not have text that is visible to screen readers
		aria-label attribute does not exist or is empty
		aria-labelledby attribute does not exist, references elements that do not exist or references elements that are empty
		Element's default semantics were not overridden with role="presentation"
		Element's default semantics were not overridden with role="none"
		Element is in tab order and does not have accessible text
	2) Target: .jss146 &gt; ul &gt; .MuiGrid-grid-lg-auto.MuiGrid-grid-xs-true.MuiGrid-item:nth-child(2) &gt; figure &gt; .jss148[rel="noopener\ noreferer"][target="_blank"]
		Element does not have text that is visible to screen readers
		aria-label attribute does not exist or is empty
		aria-labelledby attribute does not exist, references elements that do not exist or references elements that are empty
		Element's default semantics were not overridden with role="presentation"
		Element's default semantics were not overridden with role="none"
		Element is in tab order and does not have accessible text
	3) Target: a[aria-labelledby="Facebook\ da\ Riachuelo"]
		Element does not have text that is visible to screen readers
		aria-label attribute does not exist or is empty
		aria-labelledby attribute does not exist, references elements that do not exist or references elements that are empty
		Element's default semantics were not overridden with role="presentation"
		Element's default semantics were not overridden with role="none"
		Element is in tab order and does not have accessible text
	4) Target: a[aria-labelledby="RCHLO"]
		Element does not have text that is visible to screen readers
		aria-label attribute does not exist or is empty
		aria-labelledby attribute does not exist, references elements that do not exist or references elements that are empty
		Element's default semantics were not overridden with role="presentation"
		Element's default semantics were not overridden with role="none"
		Element is in tab order and does not have accessible text
	5) Target: a[aria-labelledby="Casa\a RCHLO"]
		Element does not have text that is visible to screen readers
		aria-label attribute does not exist or is empty
		aria-labelledby attribute does not exist, references elements that do not exist or references elements that are empty
		Element's default semantics were not overridden with role="presentation"
		Element's default semantics were not overridden with role="none"
		Element is in tab order and does not have accessible text
	6) Target: a[aria-labelledby="Pinterest\ da\ Riachuelo"]
		Element does not have text that is visible to screen readers
		aria-label attribute does not exist or is empty
		aria-labelledby attribute does not exist, references elements that do not exist or references elements that are empty
		Element's default semantics were not overridden with role="presentation"
		Element's default semantics were not overridden with role="none"
		Element is in tab order and does not have accessible text
	7) Target: .MuiGrid-grid-lg-auto.MuiGrid-grid-xs-true.MuiGrid-item:nth-child(5) &gt; figure &gt; a[href$="riachuelo"]
		Element does not have text that is visible to screen readers
		aria-label attribute does not exist or is empty
		aria-labelledby attribute does not exist, references elements that do not exist or references elements that are empty
		Element's default semantics were not overridden with role="presentation"
		Element's default semantics were not overridden with role="none"
		Element is in tab order and does not have accessible text
	8) Target: a[aria-labelledby="Canal\ da\ Riachuelo\ no\ YouTube"]
		Element does not have text that is visible to screen readers
		aria-label attribute does not exist or is empty
		aria-labelledby attribute does not exist, references elements that do not exist or references elements that are empty
		Element's default semantics were not overridden with role="presentation"
		Element's default semantics were not overridden with role="none"
		Element is in tab order and does not have accessible text
	9) Target: a[aria-labelledby="LinkedIn\ da\ Riachuelo"]
		Element does not have text that is visible to screen readers
		aria-label attribute does not exist or is empty
		aria-labelledby attribute does not exist, references elements that do not exist or references elements that are empty
		Element's default semantics were not overridden with role="presentation"
		Element's default semantics were not overridden with role="none"
		Element is in tab order and does not have accessible text
	10) Target: .MuiGrid-grid-lg-auto.MuiGrid-grid-xs-12.MuiGrid-item:nth-child(1) &gt; figure &gt; .jss148[rel="noopener\ noreferer"][target="_blank"]
		Element does not have text that is visible to screen readers
		aria-label attribute does not exist or is empty
		aria-labelledby attribute does not exist, references elements that do not exist or references elements that are empty
		Element's default semantics were not overridden with role="presentation"
		Element's default semantics were not overridden with role="none"
		Element is in tab order and does not have accessible text
	11) Target: a[aria-labelledby="Selo\ RA1000"]
		Element does not have text that is visible to screen readers
		aria-label attribute does not exist or is empty
		aria-labelledby attribute does not exist, references elements that do not exist or references elements that are empty
		Element's default semantics were not overridden with role="presentation"
		Element's default semantics were not overridden with role="none"
		Element is in tab order and does not have accessible text&lt;/td&gt;
                    &lt;/tr&gt;
                &lt;/table&gt;
                </msg>
<msg timestamp="20220526 07:17:45.867" level="INFO" html="true">
                &lt;style&gt;
                    #demo table, #demo th, #demo td{
                        border: 1px dotted black;
                        border-collapse: collapse;
                        table-layout: auto;
                    }
                &lt;/style&gt;
                &lt;table id="demo" style="width:100%"&gt;
                    &lt;tr&gt;
                        &lt;th style="width:50%"&gt;Issue&lt;/th&gt;
                        &lt;th style="width:5%"&gt;URL&lt;/th&gt;
                        &lt;th style="width:7%"&gt;Impact&lt;/th&gt;
                        &lt;th style="width:10%"&gt;Tags&lt;/th&gt;
                    &lt;/tr&gt;
                    &lt;tr&gt;
                        &lt;td&gt;region - Ensures all page content is contained by landmarks&lt;/td&gt;
                        &lt;td style="text-align:center"&gt;&lt;a href="https://dequeuniversity.com/rules/axe/3.1/region?application=axeAPI"&gt;Link&lt;/a&gt;&lt;/td&gt;
                        &lt;td style="text-align:center"&gt;moderate&lt;/td&gt;
                        &lt;td style="text-align:center"&gt;cat.keyboard best-practice&lt;/td&gt;
                    &lt;/tr&gt;
                &lt;/table&gt;
                &lt;table id="demodesc" style="width:100%"&gt;
                    &lt;tr&gt;
                        &lt;th style="text-align:left"&gt;Element Affected&lt;/th&gt;
                    &lt;/tr&gt;
                    &lt;tr&gt;
                        &lt;td&gt;1) Target: html
		Some page content is not contained by landmarks&lt;/td&gt;
                    &lt;/tr&gt;
                &lt;/table&gt;
                </msg>
<status status="PASS" starttime="20220526 07:17:45.865" endtime="20220526 07:17:45.867"/>
</kw>
<status status="PASS" starttime="20220526 07:17:44.056" endtime="20220526 07:17:45.867"/>
</kw>
<kw name="o resultado deverá nao apresentar problemas de acessibilidade" library="resource">
<kw name="Should Be True" library="BuiltIn">
<arg>${RESULTS.violations} &lt; 1</arg>
<doc>Fails if the given condition is not true.</doc>
<msg timestamp="20220526 07:17:45.872" level="FAIL">'7 &lt; 1' should be true.</msg>
<status status="FAIL" starttime="20220526 07:17:45.870" endtime="20220526 07:17:45.872"/>
</kw>
<status status="FAIL" starttime="20220526 07:17:45.869" endtime="20220526 07:17:45.873"/>
</kw>
<status status="FAIL" starttime="20220526 07:17:40.551" endtime="20220526 07:17:45.875">'7 &lt; 1' should be true.</status>
</test>
<kw name="Fechar navegador" library="resource" type="TEARDOWN">
<kw name="Close Browser" library="SeleniumLibrary">
<doc>Closes the current browser.</doc>
<status status="PASS" starttime="20220526 07:17:45.882" endtime="20220526 07:17:48.414"/>
</kw>
<status status="PASS" starttime="20220526 07:17:45.881" endtime="20220526 07:17:48.415"/>
</kw>
<status status="FAIL" starttime="20220526 07:17:36.341" endtime="20220526 07:17:48.415"/>
</suite>
<status status="FAIL" starttime="20220526 07:17:36.298" endtime="20220526 07:17:48.419"/>
</suite>
<statistics>
<total>
<stat pass="0" fail="1" skip="0">All Tests</stat>
</total>
<tag>
</tag>
<suite>
<stat pass="0" fail="1" skip="0" id="s1" name="Test-Case">Test-Case</stat>
<stat pass="0" fail="1" skip="0" id="s1-s1" name="Avaliar Tela Home">Test-Case.Avaliar Tela Home</stat>
</suite>
</statistics>
<errors>
</errors>
</robot>
