<?xml version="1.0" encoding="UTF-8"?>
<robot generator="Robot 5.0.1 (Python 3.10.4 on win32)" generated="20220517 17:10:35.240" rpa="false" schemaversion="3">
<suite id="s1" name="Test-Case" source="C:\Users\4024962\OneDrive - Lojas Riachuelo S.A\Estudo\axe_library\test-case">
<suite id="s1-s1" name="Avaliar Tela Home" source="C:\Users\4024962\OneDrive - Lojas Riachuelo S.A\Estudo\axe_library\test-case\avaliar_tela_home.robot">
<kw name="Abrir navegador" library="resource" type="SETUP">
<kw name="Open Browser" library="SeleniumLibrary">
<arg>url:blank</arg>
<arg>chrome</arg>
<doc>Opens a new browser instance to the optional ``url``.</doc>
<msg timestamp="20220517 17:10:35.498" level="INFO">Opening browser 'chrome' to base url 'url:blank'.</msg>
<status status="PASS" starttime="20220517 17:10:35.498" endtime="20220517 17:10:37.094"/>
</kw>
<status status="PASS" starttime="20220517 17:10:35.498" endtime="20220517 17:10:37.095"/>
</kw>
<test id="s1-s1-t1" name="Cenario 1 - Abrir e validar o site da Riachuelo" line="13">
<kw name="que esteja na pagina home da riachuelo" library="home">
<kw name="Go To" library="SeleniumLibrary">
<arg>https://www.riachuelo.com.br/</arg>
<doc>Navigates the current browser window to the provided ``url``.</doc>
<msg timestamp="20220517 17:10:37.097" level="INFO">Opening url 'https://www.riachuelo.com.br/'</msg>
<status status="PASS" starttime="20220517 17:10:37.097" endtime="20220517 17:11:13.736"/>
</kw>
<kw name="Set Selenium Implicit Wait" library="SeleniumLibrary">
<arg>5</arg>
<doc>Sets the implicit wait value used by Selenium.</doc>
<status status="PASS" starttime="20220517 17:11:13.736" endtime="20220517 17:11:13.737"/>
</kw>
<status status="PASS" starttime="20220517 17:10:37.097" endtime="20220517 17:11:13.737"/>
</kw>
<kw name="avaliar a acessibilidade da pagina" library="resource">
<kw name="Run Accessibility Tests" library="AxeLibrary">
<var>&amp;{results}</var>
<arg>riachuelo.json</arg>
<doc>Executes accessibility tests in current page by injecting axe-core javascript and write results into `result_file` (json). Return result statisitics</doc>
<msg timestamp="20220517 17:11:14.559" level="INFO">{'inapplicable': 26, 'incomplete': 1, 'passes': 37, 'violations': 8}</msg>
<msg timestamp="20220517 17:11:14.560" level="INFO">&amp;{results} = { inapplicable=26 | incomplete=1 | passes=37 | violations=8 }</msg>
<status status="PASS" starttime="20220517 17:11:13.738" endtime="20220517 17:11:14.560"/>
</kw>
<kw name="Log" library="BuiltIn">
<arg>Violations Count: ${results.violations}</arg>
<doc>Logs the given message with the given level.</doc>
<msg timestamp="20220517 17:11:14.561" level="INFO">Violations Count: 8</msg>
<status status="PASS" starttime="20220517 17:11:14.560" endtime="20220517 17:11:14.561"/>
</kw>
<kw name="Log Readable Accessibility Result" library="AxeLibrary">
<arg>violations</arg>
<doc>Inserts readable accessibility result into `log.html` based on given `type`. Need to be used after `Run Accessibility Tests` keyword</doc>
<msg timestamp="20220517 17:11:14.561" level="INFO" html="true">
                &lt;style&gt;
                    #demo table, #demo th, #demo td{
                        border: 1px dotted black;
                        border-collapse: collapse;
                        table-layout: auto;
                    }
                &lt;/style&gt;
                &lt;table id="demo" style="width:100%"&gt;
                    &lt;tr&gt;
                        &lt;th style="width:50%"&gt;Issue&lt;/th&gt;
                        &lt;th style="width:5%"&gt;URL&lt;/th&gt;
                        &lt;th style="width:7%"&gt;Impact&lt;/th&gt;
                        &lt;th style="width:10%"&gt;Tags&lt;/th&gt;
                    &lt;/tr&gt;
                    &lt;tr&gt;
                        &lt;td&gt;aria-allowed-role - Ensures role attribute has an appropriate value for the element&lt;/td&gt;
                        &lt;td style="text-align:center"&gt;&lt;a href="https://dequeuniversity.com/rules/axe/3.1/aria-allowed-role?application=axeAPI"&gt;Link&lt;/a&gt;&lt;/td&gt;
                        &lt;td style="text-align:center"&gt;minor&lt;/td&gt;
                        &lt;td style="text-align:center"&gt;cat.aria best-practice&lt;/td&gt;
                    &lt;/tr&gt;
                &lt;/table&gt;
                &lt;table id="demodesc" style="width:100%"&gt;
                    &lt;tr&gt;
                        &lt;th style="text-align:left"&gt;Element Affected&lt;/th&gt;
                    &lt;/tr&gt;
                    &lt;tr&gt;
                        &lt;td&gt;1) Target: .jss62
		role link  is not allowed for given element
	2) Target: .jss63
		role link  is not allowed for given element
	3) Target: .jss64
		role link  is not allowed for given element
	4) Target: .jss65
		role link  is not allowed for given element
	5) Target: .jss66
		role link  is not allowed for given element
	6) Target: .jss67
		role link  is not allowed for given element
	7) Target: .jss68
		role link  is not allowed for given element
	8) Target: .jss69
		role link  is not allowed for given element
	9) Target: .jss70
		role link  is not allowed for given element
	10) Target: .jss71
		role link  is not allowed for given element
	11) Target: .jss72
		role link  is not allowed for given element
	12) Target: .jss73
		role link  is not allowed for given element
	13) Target: .owl-prev
		role presentation  is not allowed for given element
	14) Target: .owl-next
		role presentation  is not allowed for given element
	15) Target: .MuiList-root
		role navigation  is not allowed for given element
	16) Target: .jss169[href$="novidades"][role="link"]
		role link  is not allowed for given element
	17) Target: .jss169[href$="geek"][role="link"]
		role link  is not allowed for given element
	18) Target: .jss169[href$="outlet"][role="link"]
		role link  is not allowed for given element&lt;/td&gt;
                    &lt;/tr&gt;
                &lt;/table&gt;
                </msg>
<msg timestamp="20220517 17:11:14.561" level="INFO" html="true">
                &lt;style&gt;
                    #demo table, #demo th, #demo td{
                        border: 1px dotted black;
                        border-collapse: collapse;
                        table-layout: auto;
                    }
                &lt;/style&gt;
                &lt;table id="demo" style="width:100%"&gt;
                    &lt;tr&gt;
                        &lt;th style="width:50%"&gt;Issue&lt;/th&gt;
                        &lt;th style="width:5%"&gt;URL&lt;/th&gt;
                        &lt;th style="width:7%"&gt;Impact&lt;/th&gt;
                        &lt;th style="width:10%"&gt;Tags&lt;/th&gt;
                    &lt;/tr&gt;
                    &lt;tr&gt;
                        &lt;td&gt;aria-valid-attr-value - Ensures all ARIA attributes have valid values&lt;/td&gt;
                        &lt;td style="text-align:center"&gt;&lt;a href="https://dequeuniversity.com/rules/axe/3.1/aria-valid-attr-value?application=axeAPI"&gt;Link&lt;/a&gt;&lt;/td&gt;
                        &lt;td style="text-align:center"&gt;critical&lt;/td&gt;
                        &lt;td style="text-align:center"&gt;cat.aria wcag2a wcag412&lt;/td&gt;
                    &lt;/tr&gt;
                &lt;/table&gt;
                &lt;table id="demodesc" style="width:100%"&gt;
                    &lt;tr&gt;
                        &lt;th style="text-align:left"&gt;Element Affected&lt;/th&gt;
                    &lt;/tr&gt;
                    &lt;tr&gt;
                        &lt;td&gt;1) Target: .genos--c-hwsXVO
		Invalid ARIA attribute value: aria-controls="radix-0"
	2) Target: .jss138 &gt; ul &gt; .MuiGrid-grid-lg-auto.MuiGrid-grid-xs-true:nth-child(1) &gt; figure &gt; .jss140[rel="noopener\ noreferer"][target="_blank"]
		Invalid ARIA attribute value: aria-labelledby="O aplicativo da Riachuelo está disponível no Google Play"
	3) Target: .jss138 &gt; ul &gt; .MuiGrid-grid-lg-auto.MuiGrid-grid-xs-true:nth-child(2) &gt; figure &gt; .jss140[rel="noopener\ noreferer"][target="_blank"]
		Invalid ARIA attribute value: aria-labelledby="O aplicativo da Riachuelo está disponível no Apple Store"
	4) Target: div[aria-controls="Cartão\ Riachuelo"]
		Invalid ARIA attribute value: aria-controls="Cartão Riachuelo"
	5) Target: div[aria-controls="Sobre\ a\ Riachuelo"]
		Invalid ARIA attribute value: aria-controls="Sobre a Riachuelo"
	6) Target: div[aria-controls="Sustentabilidade"]
		Invalid ARIA attribute value: aria-controls="Sustentabilidade"
	7) Target: div[aria-controls="Ajuda"]
		Invalid ARIA attribute value: aria-controls="Ajuda"
	8) Target: div[aria-controls="Formas\ de\ Pagamento"]
		Invalid ARIA attribute value: aria-controls="Formas de Pagamento"
	9) Target: div[aria-controls="Outros\ Serviços"]
		Invalid ARIA attribute value: aria-controls="Outros Serviços"
	10) Target: a[aria-labelledby="Facebook\ da\ Riachuelo"]
		Invalid ARIA attribute value: aria-labelledby="Facebook da Riachuelo"
	11) Target: a[aria-labelledby="RCHLO"]
		Invalid ARIA attribute value: aria-labelledby="RCHLO"
	12) Target: a[aria-labelledby="Casa\a RCHLO"]
		Invalid ARIA attribute value: aria-labelledby="Casa
RCHLO"
	13) Target: a[aria-labelledby="Pinterest\ da\ Riachuelo"]
		Invalid ARIA attribute value: aria-labelledby="Pinterest da Riachuelo"
	14) Target: .MuiGrid-grid-lg-auto.MuiGrid-grid-xs-true:nth-child(5) &gt; figure &gt; a[href$="riachuelo"]
		Invalid ARIA attribute value: aria-labelledby="Twitter da Riachuelo"
	15) Target: a[aria-labelledby="Canal\ da\ Riachuelo\ no\ YouTube"]
		Invalid ARIA attribute value: aria-labelledby="Canal da Riachuelo no YouTube"
	16) Target: a[aria-labelledby="LinkedIn\ da\ Riachuelo"]
		Invalid ARIA attribute value: aria-labelledby="LinkedIn da Riachuelo"
	17) Target: .MuiGrid-grid-lg-auto.MuiGrid-grid-xs-12:nth-child(1) &gt; figure &gt; .jss140[rel="noopener\ noreferer"][target="_blank"]
		Invalid ARIA attribute value: aria-labelledby="Conheça a Acessibilidade Riachuelo"
	18) Target: a[aria-labelledby="Selo\ RA1000"]
		Invalid ARIA attribute value: aria-labelledby="Selo RA1000"&lt;/td&gt;
                    &lt;/tr&gt;
                &lt;/table&gt;
                </msg>
<msg timestamp="20220517 17:11:14.561" level="INFO" html="true">
                &lt;style&gt;
                    #demo table, #demo th, #demo td{
                        border: 1px dotted black;
                        border-collapse: collapse;
                        table-layout: auto;
                    }
                &lt;/style&gt;
                &lt;table id="demo" style="width:100%"&gt;
                    &lt;tr&gt;
                        &lt;th style="width:50%"&gt;Issue&lt;/th&gt;
                        &lt;th style="width:5%"&gt;URL&lt;/th&gt;
                        &lt;th style="width:7%"&gt;Impact&lt;/th&gt;
                        &lt;th style="width:10%"&gt;Tags&lt;/th&gt;
                    &lt;/tr&gt;
                    &lt;tr&gt;
                        &lt;td&gt;button-name - Ensures buttons have discernible text&lt;/td&gt;
                        &lt;td style="text-align:center"&gt;&lt;a href="https://dequeuniversity.com/rules/axe/3.1/button-name?application=axeAPI"&gt;Link&lt;/a&gt;&lt;/td&gt;
                        &lt;td style="text-align:center"&gt;critical&lt;/td&gt;
                        &lt;td style="text-align:center"&gt;cat.name-role-value wcag2a wcag412 section508 section508.22.a&lt;/td&gt;
                    &lt;/tr&gt;
                &lt;/table&gt;
                &lt;table id="demodesc" style="width:100%"&gt;
                    &lt;tr&gt;
                        &lt;th style="text-align:left"&gt;Element Affected&lt;/th&gt;
                    &lt;/tr&gt;
                    &lt;tr&gt;
                        &lt;td&gt;1) Target: .MuiGrid-grid-lg-auto.MuiGrid-grid-xs-12:nth-child(2) &gt; button[type="button"]
		Element has a value attribute and the value attribute is empty
		Element has no value attribute or the value attribute is empty
		Element does not have inner text that is visible to screen readers
		aria-label attribute does not exist or is empty
		aria-labelledby attribute does not exist, references elements that do not exist or references elements that are empty
		Element's default semantics were not overridden with role="presentation"
		Element's default semantics were not overridden with role="none"
		Element has no title attribute or the title attribute is empty
		Element is in tab order and does not have accessible text&lt;/td&gt;
                    &lt;/tr&gt;
                &lt;/table&gt;
                </msg>
<msg timestamp="20220517 17:11:14.561" level="INFO" html="true">
                &lt;style&gt;
                    #demo table, #demo th, #demo td{
                        border: 1px dotted black;
                        border-collapse: collapse;
                        table-layout: auto;
                    }
                &lt;/style&gt;
                &lt;table id="demo" style="width:100%"&gt;
                    &lt;tr&gt;
                        &lt;th style="width:50%"&gt;Issue&lt;/th&gt;
                        &lt;th style="width:5%"&gt;URL&lt;/th&gt;
                        &lt;th style="width:7%"&gt;Impact&lt;/th&gt;
                        &lt;th style="width:10%"&gt;Tags&lt;/th&gt;
                    &lt;/tr&gt;
                    &lt;tr&gt;
                        &lt;td&gt;color-contrast - Ensures the contrast between foreground and background colors meets WCAG 2 AA contrast ratio thresholds&lt;/td&gt;
                        &lt;td style="text-align:center"&gt;&lt;a href="https://dequeuniversity.com/rules/axe/3.1/color-contrast?application=axeAPI"&gt;Link&lt;/a&gt;&lt;/td&gt;
                        &lt;td style="text-align:center"&gt;serious&lt;/td&gt;
                        &lt;td style="text-align:center"&gt;cat.color wcag2aa wcag143&lt;/td&gt;
                    &lt;/tr&gt;
                &lt;/table&gt;
                &lt;table id="demodesc" style="width:100%"&gt;
                    &lt;tr&gt;
                        &lt;th style="text-align:left"&gt;Element Affected&lt;/th&gt;
                    &lt;/tr&gt;
                    &lt;tr&gt;
                        &lt;td&gt;1) Target: .active &gt; .f-bg-faixa.f-bg-faixa-2 &gt; p
		Element has insufficient color contrast of 3.74 (foreground color: #727272, background color: #e3e3e3, font size: 10.5pt, font weight: normal). Expected contrast ratio of 4.5:1
	2) Target: .active &gt; .f-bg-faixa.f-bg-faixa-2 &gt; p &gt; spam:nth-child(1) &gt; b
		Element has insufficient color contrast of 2.73 (foreground color: #0d9f0b, background color: #e3e3e3, font size: 10.5pt, font weight: bold). Expected contrast ratio of 4.5:1
	3) Target: .active &gt; .f-bg-faixa.f-bg-faixa-2 &gt; p &gt; spam:nth-child(2) &gt; b
		Element has insufficient color contrast of 2.73 (foreground color: #0d9f0b, background color: #e3e3e3, font size: 10.5pt, font weight: bold). Expected contrast ratio of 4.5:1
	4) Target: .active &gt; .f-bg-faixa.f-bg-faixa-2 &gt; p &gt; a
		Element has insufficient color contrast of 3.74 (foreground color: #727272, background color: #e3e3e3, font size: 10.5pt, font weight: normal). Expected contrast ratio of 4.5:1
	5) Target: .animated.owl-animated-in.fadeIn:nth-child(4) &gt; .f-bg-faixa.f-bg-faixa-2 &gt; p
		Element has insufficient color contrast of 3.74 (foreground color: #727272, background color: #e3e3e3, font size: 10.5pt, font weight: normal). Expected contrast ratio of 4.5:1
	6) Target: .animated.owl-animated-in.fadeIn:nth-child(4) &gt; .f-bg-faixa.f-bg-faixa-2 &gt; p &gt; spam &gt; b
		Element has insufficient color contrast of 2.73 (foreground color: #0d9f0b, background color: #e3e3e3, font size: 10.5pt, font weight: bold). Expected contrast ratio of 4.5:1
	7) Target: .animated.owl-animated-in.fadeIn:nth-child(4) &gt; .f-bg-faixa.f-bg-faixa-2 &gt; p &gt; b
		Element has insufficient color contrast of 2.73 (foreground color: #0d9f0b, background color: #e3e3e3, font size: 10.5pt, font weight: bold). Expected contrast ratio of 4.5:1
	8) Target: .animated.owl-animated-in.fadeIn:nth-child(4) &gt; .f-bg-faixa.f-bg-faixa-2 &gt; p &gt; a
		Element has insufficient color contrast of 3.74 (foreground color: #727272, background color: #e3e3e3, font size: 10.5pt, font weight: normal). Expected contrast ratio of 4.5:1
	9) Target: .cloned.owl-item:nth-child(5) &gt; .f-bg-faixa.f-bg-faixa-2 &gt; p
		Element has insufficient color contrast of 3.74 (foreground color: #727272, background color: #e3e3e3, font size: 10.5pt, font weight: normal). Expected contrast ratio of 4.5:1
	10) Target: .cloned.owl-item:nth-child(5) &gt; .f-bg-faixa.f-bg-faixa-2 &gt; p &gt; spam:nth-child(1) &gt; b
		Element has insufficient color contrast of 2.73 (foreground color: #0d9f0b, background color: #e3e3e3, font size: 10.5pt, font weight: bold). Expected contrast ratio of 4.5:1
	11) Target: .cloned.owl-item:nth-child(5) &gt; .f-bg-faixa.f-bg-faixa-2 &gt; p &gt; spam:nth-child(2) &gt; b
		Element has insufficient color contrast of 2.73 (foreground color: #0d9f0b, background color: #e3e3e3, font size: 10.5pt, font weight: bold). Expected contrast ratio of 4.5:1
	12) Target: .cloned.owl-item:nth-child(5) &gt; .f-bg-faixa.f-bg-faixa-2 &gt; p &gt; a
		Element has insufficient color contrast of 3.74 (foreground color: #727272, background color: #e3e3e3, font size: 10.5pt, font weight: normal). Expected contrast ratio of 4.5:1
	13) Target: .cloned.owl-item:nth-child(6) &gt; .f-bg-faixa.f-bg-faixa-2 &gt; p
		Element has insufficient color contrast of 3.74 (foreground color: #727272, background color: #e3e3e3, font size: 10.5pt, font weight: normal). Expected contrast ratio of 4.5:1
	14) Target: .cloned.owl-item:nth-child(6) &gt; .f-bg-faixa.f-bg-faixa-2 &gt; p &gt; spam &gt; b
		Element has insufficient color contrast of 2.73 (foreground color: #0d9f0b, background color: #e3e3e3, font size: 10.5pt, font weight: bold). Expected contrast ratio of 4.5:1
	15) Target: .cloned.owl-item:nth-child(6) &gt; .f-bg-faixa.f-bg-faixa-2 &gt; p &gt; b
		Element has insufficient color contrast of 2.73 (foreground color: #0d9f0b, background color: #e3e3e3, font size: 10.5pt, font weight: bold). Expected contrast ratio of 4.5:1
	16) Target: .cloned.owl-item:nth-child(6) &gt; .f-bg-faixa.f-bg-faixa-2 &gt; p &gt; a
		Element has insufficient color contrast of 3.74 (foreground color: #727272, background color: #e3e3e3, font size: 10.5pt, font weight: normal). Expected contrast ratio of 4.5:1
	17) Target: .destaque-verde:nth-child(2)
		Element has insufficient color contrast of 2.99 (foreground color: #209630, background color: #e3e3e3, font size: 9.0pt, font weight: bold). Expected contrast ratio of 4.5:1
	18) Target: .destaque-verde:nth-child(3)
		Element has insufficient color contrast of 2.99 (foreground color: #209630, background color: #e3e3e3, font size: 9.0pt, font weight: bold). Expected contrast ratio of 4.5:1
	19) Target: .cartao-rchlo &gt; p &gt; .destaque-verde
		Element has insufficient color contrast of 2.99 (foreground color: #209630, background color: #e3e3e3, font size: 9.0pt, font weight: bold). Expected contrast ratio of 4.5:1
	20) Target: a[title="Ir\ para\ Promoção"] &gt; spam &gt; b
		Element has insufficient color contrast of 2.73 (foreground color: #0d9f0b, background color: #e3e3e3, font size: 9.0pt, font weight: bold). Expected contrast ratio of 4.5:1
	21) Target: .troca-gratis &gt; p &gt; spam &gt; b
		Element has insufficient color contrast of 2.73 (foreground color: #0d9f0b, background color: #e3e3e3, font size: 9.0pt, font weight: bold). Expected contrast ratio of 4.5:1
	22) Target: a[title="Abrir\ whatsapp"] &gt; spam &gt; b
		Element has insufficient color contrast of 2.73 (foreground color: #0d9f0b, background color: #e3e3e3, font size: 9.0pt, font weight: bold). Expected contrast ratio of 4.5:1&lt;/td&gt;
                    &lt;/tr&gt;
                &lt;/table&gt;
                </msg>
<msg timestamp="20220517 17:11:14.561" level="INFO" html="true">
                &lt;style&gt;
                    #demo table, #demo th, #demo td{
                        border: 1px dotted black;
                        border-collapse: collapse;
                        table-layout: auto;
                    }
                &lt;/style&gt;
                &lt;table id="demo" style="width:100%"&gt;
                    &lt;tr&gt;
                        &lt;th style="width:50%"&gt;Issue&lt;/th&gt;
                        &lt;th style="width:5%"&gt;URL&lt;/th&gt;
                        &lt;th style="width:7%"&gt;Impact&lt;/th&gt;
                        &lt;th style="width:10%"&gt;Tags&lt;/th&gt;
                    &lt;/tr&gt;
                    &lt;tr&gt;
                        &lt;td&gt;duplicate-id-active - Ensures every id attribute value of active elements is unique&lt;/td&gt;
                        &lt;td style="text-align:center"&gt;&lt;a href="https://dequeuniversity.com/rules/axe/3.1/duplicate-id-active?application=axeAPI"&gt;Link&lt;/a&gt;&lt;/td&gt;
                        &lt;td style="text-align:center"&gt;serious&lt;/td&gt;
                        &lt;td style="text-align:center"&gt;cat.parsing wcag2a wcag411&lt;/td&gt;
                    &lt;/tr&gt;
                &lt;/table&gt;
                &lt;table id="demodesc" style="width:100%"&gt;
                    &lt;tr&gt;
                        &lt;th style="text-align:left"&gt;Element Affected&lt;/th&gt;
                    &lt;/tr&gt;
                    &lt;tr&gt;
                        &lt;td&gt;1) Target: div:nth-child(20) &gt; a[target="blank"]
		Document has active elements with the same id attribute: whatsapp-chat-open-iframe&lt;/td&gt;
                    &lt;/tr&gt;
                &lt;/table&gt;
                </msg>
<msg timestamp="20220517 17:11:14.561" level="INFO" html="true">
                &lt;style&gt;
                    #demo table, #demo th, #demo td{
                        border: 1px dotted black;
                        border-collapse: collapse;
                        table-layout: auto;
                    }
                &lt;/style&gt;
                &lt;table id="demo" style="width:100%"&gt;
                    &lt;tr&gt;
                        &lt;th style="width:50%"&gt;Issue&lt;/th&gt;
                        &lt;th style="width:5%"&gt;URL&lt;/th&gt;
                        &lt;th style="width:7%"&gt;Impact&lt;/th&gt;
                        &lt;th style="width:10%"&gt;Tags&lt;/th&gt;
                    &lt;/tr&gt;
                    &lt;tr&gt;
                        &lt;td&gt;duplicate-id - Ensures every id attribute value is unique&lt;/td&gt;
                        &lt;td style="text-align:center"&gt;&lt;a href="https://dequeuniversity.com/rules/axe/3.1/duplicate-id?application=axeAPI"&gt;Link&lt;/a&gt;&lt;/td&gt;
                        &lt;td style="text-align:center"&gt;minor&lt;/td&gt;
                        &lt;td style="text-align:center"&gt;cat.parsing wcag2a wcag411&lt;/td&gt;
                    &lt;/tr&gt;
                &lt;/table&gt;
                &lt;table id="demodesc" style="width:100%"&gt;
                    &lt;tr&gt;
                        &lt;th style="text-align:left"&gt;Element Affected&lt;/th&gt;
                    &lt;/tr&gt;
                    &lt;tr&gt;
                        &lt;td&gt;1) Target: .cloned.owl-item:nth-child(1) &gt; .f-bg-faixa.f-bg-faixa-2 &gt; p &gt; spam:nth-child(1)
		Document has multiple static elements with the same id attribute
	2) Target: div:nth-child(20)
		Document has multiple static elements with the same id attribute
	3) Target: div:nth-child(20) &gt; a[target="blank"] &gt; div
		Document has multiple static elements with the same id attribute
	4) Target: div:nth-child(20) &gt; a[target="blank"] &gt; img[title="Compre\ pelo\ WhatsApp"][alt="Comprar\ no\ WhatsApp"]
		Document has multiple static elements with the same id attribute&lt;/td&gt;
                    &lt;/tr&gt;
                &lt;/table&gt;
                </msg>
<msg timestamp="20220517 17:11:14.562" level="INFO" html="true">
                &lt;style&gt;
                    #demo table, #demo th, #demo td{
                        border: 1px dotted black;
                        border-collapse: collapse;
                        table-layout: auto;
                    }
                &lt;/style&gt;
                &lt;table id="demo" style="width:100%"&gt;
                    &lt;tr&gt;
                        &lt;th style="width:50%"&gt;Issue&lt;/th&gt;
                        &lt;th style="width:5%"&gt;URL&lt;/th&gt;
                        &lt;th style="width:7%"&gt;Impact&lt;/th&gt;
                        &lt;th style="width:10%"&gt;Tags&lt;/th&gt;
                    &lt;/tr&gt;
                    &lt;tr&gt;
                        &lt;td&gt;link-name - Ensures links have discernible text&lt;/td&gt;
                        &lt;td style="text-align:center"&gt;&lt;a href="https://dequeuniversity.com/rules/axe/3.1/link-name?application=axeAPI"&gt;Link&lt;/a&gt;&lt;/td&gt;
                        &lt;td style="text-align:center"&gt;serious&lt;/td&gt;
                        &lt;td style="text-align:center"&gt;cat.name-role-value wcag2a wcag412 wcag244 section508 section508.22.a&lt;/td&gt;
                    &lt;/tr&gt;
                &lt;/table&gt;
                &lt;table id="demodesc" style="width:100%"&gt;
                    &lt;tr&gt;
                        &lt;th style="text-align:left"&gt;Element Affected&lt;/th&gt;
                    &lt;/tr&gt;
                    &lt;tr&gt;
                        &lt;td&gt;1) Target: .jss138 &gt; ul &gt; .MuiGrid-grid-lg-auto.MuiGrid-grid-xs-true:nth-child(1) &gt; figure &gt; .jss140[rel="noopener\ noreferer"][target="_blank"]
		Element does not have text that is visible to screen readers
		aria-label attribute does not exist or is empty
		aria-labelledby attribute does not exist, references elements that do not exist or references elements that are empty
		Element's default semantics were not overridden with role="presentation"
		Element's default semantics were not overridden with role="none"
		Element is in tab order and does not have accessible text
	2) Target: .jss138 &gt; ul &gt; .MuiGrid-grid-lg-auto.MuiGrid-grid-xs-true:nth-child(2) &gt; figure &gt; .jss140[rel="noopener\ noreferer"][target="_blank"]
		Element does not have text that is visible to screen readers
		aria-label attribute does not exist or is empty
		aria-labelledby attribute does not exist, references elements that do not exist or references elements that are empty
		Element's default semantics were not overridden with role="presentation"
		Element's default semantics were not overridden with role="none"
		Element is in tab order and does not have accessible text
	3) Target: a[aria-labelledby="Facebook\ da\ Riachuelo"]
		Element does not have text that is visible to screen readers
		aria-label attribute does not exist or is empty
		aria-labelledby attribute does not exist, references elements that do not exist or references elements that are empty
		Element's default semantics were not overridden with role="presentation"
		Element's default semantics were not overridden with role="none"
		Element is in tab order and does not have accessible text
	4) Target: a[aria-labelledby="RCHLO"]
		Element does not have text that is visible to screen readers
		aria-label attribute does not exist or is empty
		aria-labelledby attribute does not exist, references elements that do not exist or references elements that are empty
		Element's default semantics were not overridden with role="presentation"
		Element's default semantics were not overridden with role="none"
		Element is in tab order and does not have accessible text
	5) Target: a[aria-labelledby="Casa\a RCHLO"]
		Element does not have text that is visible to screen readers
		aria-label attribute does not exist or is empty
		aria-labelledby attribute does not exist, references elements that do not exist or references elements that are empty
		Element's default semantics were not overridden with role="presentation"
		Element's default semantics were not overridden with role="none"
		Element is in tab order and does not have accessible text
	6) Target: a[aria-labelledby="Pinterest\ da\ Riachuelo"]
		Element does not have text that is visible to screen readers
		aria-label attribute does not exist or is empty
		aria-labelledby attribute does not exist, references elements that do not exist or references elements that are empty
		Element's default semantics were not overridden with role="presentation"
		Element's default semantics were not overridden with role="none"
		Element is in tab order and does not have accessible text
	7) Target: .MuiGrid-grid-lg-auto.MuiGrid-grid-xs-true:nth-child(5) &gt; figure &gt; a[href$="riachuelo"]
		Element does not have text that is visible to screen readers
		aria-label attribute does not exist or is empty
		aria-labelledby attribute does not exist, references elements that do not exist or references elements that are empty
		Element's default semantics were not overridden with role="presentation"
		Element's default semantics were not overridden with role="none"
		Element is in tab order and does not have accessible text
	8) Target: a[aria-labelledby="Canal\ da\ Riachuelo\ no\ YouTube"]
		Element does not have text that is visible to screen readers
		aria-label attribute does not exist or is empty
		aria-labelledby attribute does not exist, references elements that do not exist or references elements that are empty
		Element's default semantics were not overridden with role="presentation"
		Element's default semantics were not overridden with role="none"
		Element is in tab order and does not have accessible text
	9) Target: a[aria-labelledby="LinkedIn\ da\ Riachuelo"]
		Element does not have text that is visible to screen readers
		aria-label attribute does not exist or is empty
		aria-labelledby attribute does not exist, references elements that do not exist or references elements that are empty
		Element's default semantics were not overridden with role="presentation"
		Element's default semantics were not overridden with role="none"
		Element is in tab order and does not have accessible text
	10) Target: .MuiGrid-grid-lg-auto.MuiGrid-grid-xs-12:nth-child(1) &gt; figure &gt; .jss140[rel="noopener\ noreferer"][target="_blank"]
		Element does not have text that is visible to screen readers
		aria-label attribute does not exist or is empty
		aria-labelledby attribute does not exist, references elements that do not exist or references elements that are empty
		Element's default semantics were not overridden with role="presentation"
		Element's default semantics were not overridden with role="none"
		Element is in tab order and does not have accessible text
	11) Target: a[aria-labelledby="Selo\ RA1000"]
		Element does not have text that is visible to screen readers
		aria-label attribute does not exist or is empty
		aria-labelledby attribute does not exist, references elements that do not exist or references elements that are empty
		Element's default semantics were not overridden with role="presentation"
		Element's default semantics were not overridden with role="none"
		Element is in tab order and does not have accessible text&lt;/td&gt;
                    &lt;/tr&gt;
                &lt;/table&gt;
                </msg>
<msg timestamp="20220517 17:11:14.562" level="INFO" html="true">
                &lt;style&gt;
                    #demo table, #demo th, #demo td{
                        border: 1px dotted black;
                        border-collapse: collapse;
                        table-layout: auto;
                    }
                &lt;/style&gt;
                &lt;table id="demo" style="width:100%"&gt;
                    &lt;tr&gt;
                        &lt;th style="width:50%"&gt;Issue&lt;/th&gt;
                        &lt;th style="width:5%"&gt;URL&lt;/th&gt;
                        &lt;th style="width:7%"&gt;Impact&lt;/th&gt;
                        &lt;th style="width:10%"&gt;Tags&lt;/th&gt;
                    &lt;/tr&gt;
                    &lt;tr&gt;
                        &lt;td&gt;region - Ensures all page content is contained by landmarks&lt;/td&gt;
                        &lt;td style="text-align:center"&gt;&lt;a href="https://dequeuniversity.com/rules/axe/3.1/region?application=axeAPI"&gt;Link&lt;/a&gt;&lt;/td&gt;
                        &lt;td style="text-align:center"&gt;moderate&lt;/td&gt;
                        &lt;td style="text-align:center"&gt;cat.keyboard best-practice&lt;/td&gt;
                    &lt;/tr&gt;
                &lt;/table&gt;
                &lt;table id="demodesc" style="width:100%"&gt;
                    &lt;tr&gt;
                        &lt;th style="text-align:left"&gt;Element Affected&lt;/th&gt;
                    &lt;/tr&gt;
                    &lt;tr&gt;
                        &lt;td&gt;1) Target: html
		Some page content is not contained by landmarks&lt;/td&gt;
                    &lt;/tr&gt;
                &lt;/table&gt;
                </msg>
<status status="PASS" starttime="20220517 17:11:14.561" endtime="20220517 17:11:14.562"/>
</kw>
<status status="PASS" starttime="20220517 17:11:13.737" endtime="20220517 17:11:14.562"/>
</kw>
<status status="PASS" starttime="20220517 17:10:37.095" endtime="20220517 17:11:14.562"/>
</test>
<kw name="Fechar navegador" library="resource" type="TEARDOWN">
<kw name="Close Browser" library="SeleniumLibrary">
<doc>Closes the current browser.</doc>
<status status="PASS" starttime="20220517 17:11:14.564" endtime="20220517 17:11:16.923"/>
</kw>
<status status="PASS" starttime="20220517 17:11:14.564" endtime="20220517 17:11:16.923"/>
</kw>
<status status="PASS" starttime="20220517 17:10:35.265" endtime="20220517 17:11:16.923"/>
</suite>
<status status="PASS" starttime="20220517 17:10:35.242" endtime="20220517 17:11:16.928"/>
</suite>
<statistics>
<total>
<stat pass="1" fail="0" skip="0">All Tests</stat>
</total>
<tag>
</tag>
<suite>
<stat pass="1" fail="0" skip="0" id="s1" name="Test-Case">Test-Case</stat>
<stat pass="1" fail="0" skip="0" id="s1-s1" name="Avaliar Tela Home">Test-Case.Avaliar Tela Home</stat>
</suite>
</statistics>
<errors>
</errors>
</robot>
